1715662757992	geckodriver	INFO	Listening on 127.0.0.1:55582
1715662761037	mozrunner::runner	INFO	Running command: "C:\\Program Files\\Mozilla Firefox\\firefox.exe" "--marionette" "-no-remote" "-profile" "C:\\Users\\ADMINI~1\\AppData\\Local\\Temp\\rust_mozprofile1k0YDD"
console.warn: services.settings: Ignoring preference override of remote settings server
console.warn: services.settings: Allow by setting MOZ_REMOTE_SETTINGS_DEVTOOLS=1 in the environment
1715662761960	Marionette	INFO	Marionette enabled
Dynamically enable window occlusion 0
1715662762061	Marionette	INFO	Listening on port 55596
Read port: 55596
1715662762243	RemoteAgent	WARN	TLS certificate errors will be ignored for this session
JavaScript warning: , line 0: WebGL warning: texImage: Alpha-premult and y-flip are deprecated for non-DOM-Element uploads.
1715662792639	addons.xpi	ERROR	System addon update list error SyntaxError: XMLHttpRequest.open: 'http://%(server)s/dummy-system-addons.xml' is not a valid URL.
JavaScript warning: , line 0: WebGL warning: texImage: Alpha-premult and y-flip are deprecated for non-DOM-Element uploads.
Exiting due to channel error.
Exiting due to channel error.
Exiting due to channel error.
1715662824993	geckodriver	INFO	Listening on 127.0.0.1:55705
1715662828037	mozrunner::runner	INFO	Running command: "C:\\Program Files\\Mozilla Firefox\\firefox.exe" "--marionette" "-no-remote" "-profile" "C:\\Users\\ADMINI~1\\AppData\\Local\\Temp\\rust_mozprofilexAUErg"
console.warn: services.settings: Ignoring preference override of remote settings server
console.warn: services.settings: Allow by setting MOZ_REMOTE_SETTINGS_DEVTOOLS=1 in the environment
1715662828402	Marionette	INFO	Marionette enabled
Dynamically enable window occlusion 0
1715662828501	Marionette	INFO	Listening on port 55719
Read port: 55719
1715662828673	RemoteAgent	WARN	TLS certificate errors will be ignored for this session
1715662860337	addons.xpi	ERROR	System addon update list error SyntaxError: XMLHttpRequest.open: 'http://%(server)s/dummy-system-addons.xml' is not a valid URL.
Exiting due to channel error.
Exiting due to channel error.
1715662916925	geckodriver	INFO	Listening on 127.0.0.1:63718
1715662919939	mozrunner::runner	INFO	Running command: "C:\\Program Files\\Mozilla Firefox\\firefox.exe" "--marionette" "-no-remote" "-profile" "C:\\Users\\ADMINI~1\\AppData\\Local\\Temp\\rust_mozprofileGzuOZj"
console.warn: services.settings: Ignoring preference override of remote settings server
console.warn: services.settings: Allow by setting MOZ_REMOTE_SETTINGS_DEVTOOLS=1 in the environment
1715662920347	Marionette	INFO	Marionette enabled
Dynamically enable window occlusion 0
1715662920440	Marionette	INFO	Listening on port 63733
Read port: 63733
1715662920603	RemoteAgent	WARN	TLS certificate errors will be ignored for this session
1715662950413	addons.xpi	ERROR	System addon update list error SyntaxError: XMLHttpRequest.open: 'http://%(server)s/dummy-system-addons.xml' is not a valid URL.
JavaScript warning: https://privacy-cs.mail.ru/static/sync-loader.js, line 5: WEBGL_debug_renderer_info is deprecated in Firefox and will be removed. Please use RENDERER.
JavaScript warning: https://privacy-cs.mail.ru/static/sync-loader.js, line 5: WEBGL_debug_renderer_info is deprecated in Firefox and will be removed. Please use RENDERER.
Exiting due to channel error.
Exiting due to channel error.
Exiting due to channel error.
1715663019678	geckodriver	INFO	Listening on 127.0.0.1:63904
1715663022712	mozrunner::runner	INFO	Running command: "C:\\Program Files\\Mozilla Firefox\\firefox.exe" "--marionette" "-no-remote" "-profile" "C:\\Users\\ADMINI~1\\AppData\\Local\\Temp\\rust_mozprofileDAJZfZ"
console.warn: services.settings: Ignoring preference override of remote settings server
console.warn: services.settings: Allow by setting MOZ_REMOTE_SETTINGS_DEVTOOLS=1 in the environment
1715663023073	Marionette	INFO	Marionette enabled
Dynamically enable window occlusion 0
1715663023168	Marionette	INFO	Listening on port 63916
Read port: 63916
1715663023343	RemoteAgent	WARN	TLS certificate errors will be ignored for this session
1715663053231	addons.xpi	ERROR	System addon update list error SyntaxError: XMLHttpRequest.open: 'http://%(server)s/dummy-system-addons.xml' is not a valid URL.
JavaScript warning: https://privacy-cs.mail.ru/static/sync-loader.js, line 5: WEBGL_debug_renderer_info is deprecated in Firefox and will be removed. Please use RENDERER.
JavaScript warning: https://privacy-cs.mail.ru/static/sync-loader.js, line 5: WEBGL_debug_renderer_info is deprecated in Firefox and will be removed. Please use RENDERER.
JavaScript warning: , line 0: WebGL warning: texImage: Alpha-premult and y-flip are deprecated for non-DOM-Element uploads.
Exiting due to channel error.
1715663184735	geckodriver	INFO	Listening on 127.0.0.1:64536
1715663187769	mozrunner::runner	INFO	Running command: "C:\\Program Files\\Mozilla Firefox\\firefox.exe" "--marionette" "-no-remote" "-profile" "C:\\Users\\ADMINI~1\\AppData\\Local\\Temp\\rust_mozprofileKcEdPr"
console.warn: services.settings: Ignoring preference override of remote settings server
console.warn: services.settings: Allow by setting MOZ_REMOTE_SETTINGS_DEVTOOLS=1 in the environment
1715663188115	Marionette	INFO	Marionette enabled
Dynamically enable window occlusion 0
1715663188210	Marionette	INFO	Listening on port 64549
Read port: 64549
1715663188351	RemoteAgent	WARN	TLS certificate errors will be ignored for this session
1715663218128	addons.xpi	ERROR	System addon update list error SyntaxError: XMLHttpRequest.open: 'http://%(server)s/dummy-system-addons.xml' is not a valid URL.
JavaScript warning: , line 0: WebGL warning: texImage: Alpha-premult and y-flip are deprecated for non-DOM-Element uploads.
JavaScript warning: , line 0: WebGL warning: texImage: Alpha-premult and y-flip are deprecated for non-DOM-Element uploads.
Exiting due to channel error.
Exiting due to channel error.
Exiting due to channel error.
1715663975413	geckodriver	INFO	Listening on 127.0.0.1:65278
1715663978453	mozrunner::runner	INFO	Running command: "C:\\Program Files\\Mozilla Firefox\\firefox.exe" "--marionette" "-no-remote" "-profile" "C:\\Users\\ADMINI~1\\AppData\\Local\\Temp\\rust_mozprofileK80RHC"
console.warn: services.settings: Ignoring preference override of remote settings server
console.warn: services.settings: Allow by setting MOZ_REMOTE_SETTINGS_DEVTOOLS=1 in the environment
1715663978793	Marionette	INFO	Marionette enabled
Dynamically enable window occlusion 0
1715663978895	Marionette	INFO	Listening on port 65291
Read port: 65291
1715663979030	RemoteAgent	WARN	TLS certificate errors will be ignored for this session
JavaScript warning: , line 0: WebGL warning: texImage: Alpha-premult and y-flip are deprecated for non-DOM-Element uploads.
1715664010489	addons.xpi	ERROR	System addon update list error SyntaxError: XMLHttpRequest.open: 'http://%(server)s/dummy-system-addons.xml' is not a valid URL.
JavaScript warning: , line 0: WebGL warning: texImage: Alpha-premult and y-flip are deprecated for non-DOM-Element uploads.
JavaScript warning: , line 0: WebGL warning: texImage: Alpha-premult and y-flip are deprecated for non-DOM-Element uploads.
Exiting due to channel error.
1715664935564	geckodriver	INFO	Listening on 127.0.0.1:57277
1715664938623	mozrunner::runner	INFO	Running command: "C:\\Program Files\\Mozilla Firefox\\firefox.exe" "--marionette" "-no-remote" "-profile" "C:\\Users\\ADMINI~1\\AppData\\Local\\Temp\\rust_mozprofileYK8Chq"
console.warn: services.settings: Ignoring preference override of remote settings server
console.warn: services.settings: Allow by setting MOZ_REMOTE_SETTINGS_DEVTOOLS=1 in the environment
1715664938993	Marionette	INFO	Marionette enabled
Dynamically enable window occlusion 0
1715664939090	Marionette	INFO	Listening on port 57290
Read port: 57290
1715664939264	RemoteAgent	WARN	TLS certificate errors will be ignored for this session
JavaScript warning: , line 0: WebGL warning: texImage: Alpha-premult and y-flip are deprecated for non-DOM-Element uploads.
1715664969050	addons.xpi	ERROR	System addon update list error SyntaxError: XMLHttpRequest.open: 'http://%(server)s/dummy-system-addons.xml' is not a valid URL.
JavaScript warning: https://privacy-cs.mail.ru/static/sync-loader.js, line 5: WEBGL_debug_renderer_info is deprecated in Firefox and will be removed. Please use RENDERER.
JavaScript warning: https://privacy-cs.mail.ru/static/sync-loader.js, line 5: WEBGL_debug_renderer_info is deprecated in Firefox and will be removed. Please use RENDERER.
JavaScript warning: , line 0: WebGL warning: texImage: Alpha-premult and y-flip are deprecated for non-DOM-Element uploads.
JavaScript warning: , line 0: WebGL warning: texImage: Alpha-premult and y-flip are deprecated for non-DOM-Element uploads.
Exiting due to channel error.
Exiting due to channel error.
Exiting due to channel error.
1715665182682	geckodriver	INFO	Listening on 127.0.0.1:57632
1715665185733	mozrunner::runner	INFO	Running command: "C:\\Program Files\\Mozilla Firefox\\firefox.exe" "--marionette" "-no-remote" "-profile" "C:\\Users\\ADMINI~1\\AppData\\Local\\Temp\\rust_mozprofileUxkDif"
console.warn: services.settings: Ignoring preference override of remote settings server
console.warn: services.settings: Allow by setting MOZ_REMOTE_SETTINGS_DEVTOOLS=1 in the environment
1715665186136	Marionette	INFO	Marionette enabled
Dynamically enable window occlusion 0
1715665186236	Marionette	INFO	Listening on port 57644
Read port: 57644
1715665186398	RemoteAgent	WARN	TLS certificate errors will be ignored for this session
JavaScript warning: , line 0: WebGL warning: texImage: Alpha-premult and y-flip are deprecated for non-DOM-Element uploads.
1715665216223	addons.xpi	ERROR	System addon update list error SyntaxError: XMLHttpRequest.open: 'http://%(server)s/dummy-system-addons.xml' is not a valid URL.
JavaScript warning: https://privacy-cs.mail.ru/static/sync-loader.js, line 5: WEBGL_debug_renderer_info is deprecated in Firefox and will be removed. Please use RENDERER.
JavaScript warning: https://privacy-cs.mail.ru/static/sync-loader.js, line 5: WEBGL_debug_renderer_info is deprecated in Firefox and will be removed. Please use RENDERER.
JavaScript warning: , line 0: WebGL warning: texImage: Alpha-premult and y-flip are deprecated for non-DOM-Element uploads.
JavaScript warning: , line 0: WebGL warning: texImage: Alpha-premult and y-flip are deprecated for non-DOM-Element uploads.
Exiting due to channel error.
1715665342783	geckodriver	INFO	Listening on 127.0.0.1:57855
1715665345824	mozrunner::runner	INFO	Running command: "C:\\Program Files\\Mozilla Firefox\\firefox.exe" "--marionette" "-no-remote" "-profile" "C:\\Users\\ADMINI~1\\AppData\\Local\\Temp\\rust_mozprofileiaAQaQ"
console.warn: services.settings: Ignoring preference override of remote settings server
console.warn: services.settings: Allow by setting MOZ_REMOTE_SETTINGS_DEVTOOLS=1 in the environment
1715665346214	Marionette	INFO	Marionette enabled
Dynamically enable window occlusion 0
1715665346309	Marionette	INFO	Listening on port 57867
Read port: 57867
1715665346478	RemoteAgent	WARN	TLS certificate errors will be ignored for this session
JavaScript warning: , line 0: WebGL warning: texImage: Alpha-premult and y-flip are deprecated for non-DOM-Element uploads.
1715665376856	addons.xpi	ERROR	System addon update list error SyntaxError: XMLHttpRequest.open: 'http://%(server)s/dummy-system-addons.xml' is not a valid URL.
JavaScript warning: , line 0: WebGL warning: texImage: Alpha-premult and y-flip are deprecated for non-DOM-Element uploads.
JavaScript warning: , line 0: WebGL warning: texImage: Alpha-premult and y-flip are deprecated for non-DOM-Element uploads.
Exiting due to channel error.
Exiting due to channel error.
Exiting due to channel error.
Exiting due to channel error.
